0 info it worked if it ends with ok
1 verbose cli [ 'C:\\Program Files\\nodejs\\node.exe',
1 verbose cli   'C:\\Program Files\\nodejs\\node_modules\\npm\\bin\\npm-cli.js',
1 verbose cli   'run',
1 verbose cli   'build:prod' ]
2 info using npm@3.10.10
3 info using node@v6.9.5
4 verbose run-script [ 'prebuild:prod', 'build:prod', 'postbuild:prod' ]
5 info lifecycle edele@1.0.0~prebuild:prod: edele@1.0.0
6 silly lifecycle edele@1.0.0~prebuild:prod: no script for prebuild:prod, continuing
7 info lifecycle edele@1.0.0~build:prod: edele@1.0.0
8 verbose lifecycle edele@1.0.0~build:prod: unsafe-perm in lifecycle true
9 verbose lifecycle edele@1.0.0~build:prod: PATH: C:\Program Files\nodejs\node_modules\npm\bin\node-gyp-bin;C:\Daniel\_gitsync\EMEA-React\node_modules\.bin;C:\Windows\system32;C:\Windows;C:\Windows\System32\Wbem;C:\Windows\System32\WindowsPowerShell\v1.0\;C:\Program Files\nodejs\;C:\Program Files\Git\cmd;C:\Program Files (x86)\NVIDIA Corporation\PhysX\Common;C:\WINDOWS\system32;C:\WINDOWS;C:\WINDOWS\System32\Wbem;C:\WINDOWS\System32\WindowsPowerShell\v1.0\;C:\Program Files\dotnet\;C:\Program Files (x86)\Yarn\bin;C:\Program Files\Microsoft SQL Server\130\Tools\Binn\;C:\Program Files\Microsoft\Web Platform Installer\;C:\WINDOWS\System32\OpenSSH\;C:\Program Files\Microsoft VS Code\bin;C:\Users\Daniel\AppData\Local\Microsoft\WindowsApps;C:\Users\Daniel\AppData\Roaming\npm;C:\Users\Daniel\AppData\Local\GitHubDesktop\bin;C:\Program Files\Microsoft VS Code\bin;C:\Users\Daniel\AppData\Local\Microsoft\WindowsApps;C:\Users\Daniel\AppData\Local\Yarn\bin;;C:\Users\Daniel\AppData\Local\Programs\Microsoft VS Code\bin
10 verbose lifecycle edele@1.0.0~build:prod: CWD: C:\Daniel\_gitsync\EMEA-React
11 silly lifecycle edele@1.0.0~build:prod: Args: [ '/d /s /c', 'webpack -p' ]
12 silly lifecycle edele@1.0.0~build:prod: Returned: code: 2  signal: null
13 info lifecycle edele@1.0.0~build:prod: Failed to exec build:prod script
14 verbose stack Error: edele@1.0.0 build:prod: `webpack -p`
14 verbose stack Exit status 2
14 verbose stack     at EventEmitter.<anonymous> (C:\Program Files\nodejs\node_modules\npm\lib\utils\lifecycle.js:255:16)
14 verbose stack     at emitTwo (events.js:106:13)
14 verbose stack     at EventEmitter.emit (events.js:191:7)
14 verbose stack     at ChildProcess.<anonymous> (C:\Program Files\nodejs\node_modules\npm\lib\utils\spawn.js:40:14)
14 verbose stack     at emitTwo (events.js:106:13)
14 verbose stack     at ChildProcess.emit (events.js:191:7)
14 verbose stack     at maybeClose (internal/child_process.js:877:16)
14 verbose stack     at Process.ChildProcess._handle.onexit (internal/child_process.js:226:5)
15 verbose pkgid edele@1.0.0
16 verbose cwd C:\Daniel\_gitsync\EMEA-React
17 error Windows_NT 10.0.17134
18 error argv "C:\\Program Files\\nodejs\\node.exe" "C:\\Program Files\\nodejs\\node_modules\\npm\\bin\\npm-cli.js" "run" "build:prod"
19 error node v6.9.5
20 error npm  v3.10.10
21 error code ELIFECYCLE
22 error edele@1.0.0 build:prod: `webpack -p`
22 error Exit status 2
23 error Failed at the edele@1.0.0 build:prod script 'webpack -p'.
23 error Make sure you have the latest version of node.js and npm installed.
23 error If you do, this is most likely a problem with the edele package,
23 error not with npm itself.
23 error Tell the author that this fails on your system:
23 error     webpack -p
23 error You can get information on how to open an issue for this project with:
23 error     npm bugs edele
23 error Or if that isn't available, you can get their info via:
23 error     npm owner ls edele
23 error There is likely additional logging output above.
24 verbose exit [ 1, true ]
